proguard/seeds.txt
com.david.frame.AppBaseActivity
com.david.frame.AppBaseActivity: AppBaseActivity()
com.david.frame.BaseActivity
com.david.frame.BaseActivity: BaseActivity()
com.david.frame.FrameApplication
com.david.frame.FrameApplication: FrameApplication()
com.david.frame.R$anim: int abc_fade_in
com.david.frame.R$anim: int abc_fade_out
com.david.frame.R$anim: int abc_slide_in_bottom
com.david.frame.R$anim: int abc_slide_in_top
com.david.frame.R$anim: int abc_slide_out_bottom
com.david.frame.R$anim: int abc_slide_out_top
com.david.frame.R$attr: int actionBarDivider
com.david.frame.R$attr: int actionBarItemBackground
com.david.frame.R$attr: int actionBarSize
com.david.frame.R$attr: int actionBarSplitStyle
com.david.frame.R$attr: int actionBarStyle
com.david.frame.R$attr: int actionBarTabBarStyle
com.david.frame.R$attr: int actionBarTabStyle
com.david.frame.R$attr: int actionBarTabTextStyle
com.david.frame.R$attr: int actionBarWidgetTheme
com.david.frame.R$attr: int actionButtonStyle
com.david.frame.R$attr: int actionDropDownStyle
com.david.frame.R$attr: int actionLayout
com.david.frame.R$attr: int actionMenuTextAppearance
com.david.frame.R$attr: int actionMenuTextColor
com.david.frame.R$attr: int actionModeBackground
com.david.frame.R$attr: int actionModeCloseButtonStyle
com.david.frame.R$attr: int actionModeCloseDrawable
com.david.frame.R$attr: int actionModeCopyDrawable
com.david.frame.R$attr: int actionModeCutDrawable
com.david.frame.R$attr: int actionModeFindDrawable
com.david.frame.R$attr: int actionModePasteDrawable
com.david.frame.R$attr: int actionModePopupWindowStyle
com.david.frame.R$attr: int actionModeSelectAllDrawable
com.david.frame.R$attr: int actionModeShareDrawable
com.david.frame.R$attr: int actionModeSplitBackground
com.david.frame.R$attr: int actionModeStyle
com.david.frame.R$attr: int actionModeWebSearchDrawable
com.david.frame.R$attr: int actionOverflowButtonStyle
com.david.frame.R$attr: int actionProviderClass
com.david.frame.R$attr: int actionViewClass
com.david.frame.R$bool: int abc_action_bar_embed_tabs_pre_jb
com.david.frame.R$bool: int abc_action_bar_expanded_action_views_exclusive
com.david.frame.R$bool: int abc_config_actionMenuItemAllCaps
com.david.frame.R$bool: int abc_config_allowActionMenuItemTextWithIcon
com.david.frame.R$bool: int abc_config_showMenuShortcutsWhenKeyboardPresent
com.david.frame.R$bool: int abc_split_action_bar_is_narrow
com.david.frame.R$color: int abc_search_url_text_holo
com.david.frame.R$color: int abc_search_url_text_normal
com.david.frame.R$color: int abc_search_url_text_pressed
com.david.frame.R$color: int abc_search_url_text_selected
com.david.frame.R$dimen: int abc_action_bar_default_height
com.david.frame.R$dimen: int abc_action_bar_icon_vertical_padding
com.david.frame.R$dimen: int abc_action_bar_progress_bar_size
com.david.frame.R$dimen: int abc_action_bar_stacked_max_height
com.david.frame.R$dimen: int abc_action_bar_stacked_tab_max_width
com.david.frame.R$dimen: int abc_action_bar_subtitle_bottom_margin
com.david.frame.R$dimen: int abc_action_bar_subtitle_text_size
com.david.frame.R$dimen: int abc_action_bar_subtitle_top_margin
com.david.frame.R$dimen: int abc_action_bar_title_text_size
com.david.frame.R$dimen: int abc_action_button_min_width
com.david.frame.R$dimen: int abc_config_prefDialogWidth
com.david.frame.R$dimen: int abc_dropdownitem_icon_width
com.david.frame.R$dimen: int abc_dropdownitem_text_padding_left
com.david.frame.R$dimen: int abc_dropdownitem_text_padding_right
com.david.frame.R$dimen: int abc_panel_menu_list_width
com.david.frame.R$dimen: int abc_search_view_preferred_width
com.david.frame.R$dimen: int abc_search_view_text_min_width
com.david.frame.R$dimen: int activity_horizontal_margin
com.david.frame.R$dimen: int activity_vertical_margin
com.david.frame.R$dimen: int dialog_fixed_height_major
com.david.frame.R$dimen: int dialog_fixed_height_minor
com.david.frame.R$dimen: int dialog_fixed_width_major
com.david.frame.R$dimen: int dialog_fixed_width_minor
...
android.support.v4.app.BackStackState
android.support.v4.app.BackStackState: android.os.Parcelable$Creator CREATOR
android.support.v4.app.Fragment$SavedState
android.support.v4.app.Fragment$SavedState: android.os.Parcelable$Creator CREATOR
android.support.v4.app.FragmentActivity
android.support.v4.app.FragmentManagerState
android.support.v4.app.FragmentManagerState: android.os.Parcelable$Creator CREATOR
android.support.v4.app.FragmentState
android.support.v4.app.FragmentState: android.os.Parcelable$Creator CREATOR
android.support.v4.app.FragmentTabHost
android.support.v4.app.FragmentTabHost: FragmentTabHost(android.content.Context)
android.support.v4.app.FragmentTabHost: FragmentTabHost(android.content.Context,android.util.AttributeSet)
android.support.v4.app.FragmentTabHost: void setup()
android.support.v4.app.FragmentTabHost: void setup(android.content.Context,android.support.v4.app.FragmentManager)
android.support.v4.app.FragmentTabHost: void setup(android.content.Context,android.support.v4.app.FragmentManager,int)
android.support.v4.app.FragmentTabHost: void setOnTabChangedListener(android.widget.TabHost$OnTabChangeListener)
android.support.v4.app.FragmentTabHost$SavedState
android.support.v4.app.FragmentTabHost$SavedState: android.os.Parcelable$Creator CREATOR
android.support.v4.app.NotificationCompatSideChannelService
android.support.v4.content.FileProvider
android.support.v4.content.ModernAsyncTask$Status: android.support.v4.content.ModernAsyncTask$Status[] values()
android.support.v4.content.ModernAsyncTask$Status: android.support.v4.content.ModernAsyncTask$Status valueOf(java.lang.String)
android.support.v4.content.WakefulBroadcastReceiver
android.support.v4.view.PagerTabStrip
android.support.v4.view.PagerTabStrip: PagerTabStrip(android.content.Context)
android.support.v4.view.PagerTabStrip: PagerTabStrip(android.content.Context,android.util.AttributeSet)
android.support.v4.view.PagerTabStrip: void setTabIndicatorColor(int)
android.support.v4.view.PagerTabStrip: void setTabIndicatorColorResource(int)
android.support.v4.view.PagerTabStrip: int getTabIndicatorColor()
android.support.v4.view.PagerTabStrip: void setPadding(int,int,int,int)
android.support.v4.view.PagerTabStrip: void setTextSpacing(int)
android.support.v4.view.PagerTabStrip: void setBackgroundDrawable(android.graphics.drawable.Drawable)
android.support.v4.view.PagerTabStrip: void setBackgroundColor(int)
android.support.v4.view.PagerTabStrip: void setBackgroundResource(int)
android.support.v4.view.PagerTabStrip: void setDrawFullUnderline(boolean)
android.support.v4.view.PagerTabStrip: boolean getDrawFullUnderline()
android.support.v4.view.PagerTabStrip: int getMinHeight()
android.support.v4.view.PagerTitleStrip
android.support.v4.view.PagerTitleStrip: void setSingleLineAllCaps(android.widget.TextView)
android.support.v4.view.PagerTitleStrip: PagerTitleStrip(android.content.Context)
android.support.v4.view.PagerTitleStrip: PagerTitleStrip(android.content.Context,android.util.AttributeSet)
android.support.v4.view.PagerTitleStrip: void setTextSpacing(int)
android.support.v4.view.PagerTitleStrip: int getTextSpacing()
android.support.v4.view.PagerTitleStrip: void setNonPrimaryAlpha(float)
android.support.v4.view.PagerTitleStrip: void setTextColor(int)
android.support.v4.view.PagerTitleStrip: void setTextSize(int,float)
android.support.v4.view.PagerTitleStrip: void setGravity(int)
android.support.v4.view.PagerTitleStrip: int getMinHeight()