proguard/mapping.txt
com.david.frame.AppBaseActivity -> com.david.frame.AppBaseActivity:
    com.david.frame.FrameApplication fapp -> a
    void onCreate(android.os.Bundle) -> onCreate
    void onResume() -> onResume
    void onPause() -> onPause
    void onDestroy() -> onDestroy
com.david.frame.BaseActivity -> com.david.frame.BaseActivity:
    void onCreate(android.os.Bundle) -> onCreate
    void initVariables() -> a
    void initView(android.os.Bundle) -> a
    void loadData() -> b
    void onDestroy() -> onDestroy
com.david.frame.FrameApplication -> com.david.frame.FrameApplication:
    long pauseTime -> a
    void onCreate() -> onCreate
    long getPauseTime() -> a
    void setPauseTime(long) -> a
com.david.frame.activity.GstureActivity -> com.david.frame.activity.GstureActivity:
    android.widget.Button btnOpen -> a
    void onCreate(android.os.Bundle) -> onCreate
com.david.frame.activity.GstureActivity$1 -> oh:
    com.david.frame.activity.GstureActivity this$0 -> a
    void onClick(android.view.View) -> onClick
com.david.frame.activity.MainActivity -> com.david.frame.activity.MainActivity:
    android.widget.Button btnOne -> a
    android.widget.Button btnTwo -> b
    android.content.Context mContext -> c
    void initVariables() -> a
    void initView(android.os.Bundle) -> a
    void gotoOneActivity() -> c
    void gotoTwoActivity() -> d
    void loadData() -> b
    void onDestroy() -> onDestroy
    void access$0(com.david.frame.activity.MainActivity) -> a
    void access$1(com.david.frame.activity.MainActivity) -> b
com.david.frame.activity.MainActivity$1 -> oi:
    com.david.frame.activity.MainActivity this$0 -> a
    void onClick(android.view.View) -> onClick
com.david.frame.activity.MainActivity$2 -> oj:
    com.david.frame.activity.MainActivity this$0 -> a
    void onClick(android.view.View) -> onClick
com.david.frame.activity.OneActivity -> com.david.frame.activity.OneActivity:
    android.widget.Button btnOne -> a
    android.content.Context mContext -> b
    void onCreate(android.os.Bundle) -> onCreate
    void initView(android.os.Bundle) -> a
    void gotoThreeActivity() -> c
    void initVariables() -> a
    void loadData() -> b
    void access$0(com.david.frame.activity.OneActivity) -> a
com.david.frame.activity.OneActivity$1 -> ok:
    com.david.frame.activity.OneActivity this$0 -> a
    void onClick(android.view.View) -> onClick
com.david.frame.activity.ThreeActivity -> com.david.frame.activity.ThreeActivity:
    void initVariables() -> a
    void initView(android.os.Bundle) -> a
    void loadData() -> b
com.david.frame.activity.TwoActivity -> com.david.frame.activity.TwoActivity:
    void initVariables() -> a
    void initView(android.os.Bundle) -> a
    void loadData() -> b
...
android.support.v7.internal.view.menu.ActionMenuPresenter$OverflowPopup -> kh:
    android.support.v7.internal.view.menu.ActionMenuPresenter this$0 -> a
    void onDismiss() -> onDismiss
android.support.v7.internal.view.menu.ActionMenuPresenter$PopupPresenterCallback -> ki:
    android.support.v7.internal.view.menu.ActionMenuPresenter this$0 -> a
    boolean onOpenSubMenu(android.support.v7.internal.view.menu.MenuBuilder) -> b
    void onCloseMenu(android.support.v7.internal.view.menu.MenuBuilder,boolean) -> a
android.support.v7.internal.view.menu.ActionMenuPresenter$SavedState -> android.support.v7.internal.view.menu.ActionMenuPresenter$SavedState:
    int openSubMenuId -> a
    android.os.Parcelable$Creator CREATOR -> CREATOR
    int describeContents() -> describeContents
    void writeToParcel(android.os.Parcel,int) -> writeToParcel
android.support.v7.internal.view.menu.ActionMenuPresenter$SavedState$1 -> kj:
    android.support.v7.internal.view.menu.ActionMenuPresenter$SavedState createFromParcel(android.os.Parcel) -> a
    android.support.v7.internal.view.menu.ActionMenuPresenter$SavedState[] newArray(int) -> a
    java.lang.Object[] newArray(int) -> newArray
    java.lang.Object createFromParcel(android.os.Parcel) -> createFromParcel
android.support.v7.internal.view.menu.ActionMenuView -> android.support.v7.internal.view.menu.ActionMenuView:
    android.support.v7.internal.view.menu.MenuBuilder mMenu -> a
    boolean mReserveOverflow -> b
    android.support.v7.internal.view.menu.ActionMenuPresenter mPresenter -> c
    boolean mFormatItems -> d
    int mFormatItemsWidth -> e
    int mMinCellSize -> f
    int mGeneratedItemPadding -> g
    int mMeasuredExtraWidth -> h
    int mMaxItemHeight -> i
    void setPresenter(android.support.v7.internal.view.menu.ActionMenuPresenter) -> setPresenter
    void onConfigurationChanged(android.content.res.Configuration) -> onConfigurationChanged
    void onMeasure(int,int) -> onMeasure
    void onMeasureExactFormat(int,int) -> a
    int measureChildForCells(android.view.View,int,int,int,int) -> a
    void onLayout(boolean,int,int,int,int) -> onLayout
    void onDetachedFromWindow() -> onDetachedFromWindow
    void setOverflowReserved(boolean) -> setOverflowReserved
    android.support.v7.internal.view.menu.ActionMenuView$LayoutParams generateDefaultLayoutParams() -> a
    android.support.v7.internal.view.menu.ActionMenuView$LayoutParams generateLayoutParams(android.util.AttributeSet) -> a
    android.support.v7.internal.view.menu.ActionMenuView$LayoutParams generateLayoutParams(android.view.ViewGroup$LayoutParams) -> a
    boolean checkLayoutParams(android.view.ViewGroup$LayoutParams) -> checkLayoutParams
android.support.v7.internal.view.menu.ActionMenuView$ActionMenuChildView -> kk:
    boolean needsDividerBefore() -> c
    boolean needsDividerAfter() -> d
android.support.v7.internal.view.menu.ActionMenuView$LayoutParams -> android.support.v7.internal.view.menu.ActionMenuView$LayoutParams:
    boolean isOverflowButton -> a
    int cellsUsed -> b
    int extraPixels -> c
    boolean expandable -> d
    boolean preventEdgeOffset -> e
    boolean expanded -> f