proguard/usage.txt
com.david.frame.BuildConfig
com.david.frame.R
com.david.frame.R$anim
com.david.frame.R$attr
com.david.frame.R$bool
com.david.frame.R$color
com.david.frame.R$dimen
com.david.frame.R$drawable
com.david.frame.R$id
com.david.frame.R$integer
com.david.frame.R$layout
com.david.frame.R$string
com.david.frame.R$style
com.david.frame.R$styleable
com.david.frame.R$xml
com.david.frame.entity.Response
com.david.frame.utils.BaseUtils
com.david.frame.utils.JsonUtil
com.david.frame.utils.Utils
com.david.frame.utils.ViewUtils
com.david.frame.zlib.net.DefaultThreadPool
com.david.frame.zlib.net.HttpRequest
com.david.frame.zlib.net.HttpRequest$1
com.david.frame.zlib.net.HttpRequest$2
com.david.frame.zlib.net.RequestCallback
com.david.frame.zlib.net.RequestManager
com.david.frame.zlib.net.RequestParameter
com.david.frame.zlib.net.Response
com.david.frame.zlib.net.URLData
com.david.frame.zlib.net.UrlConfigManager
...
android.support.v7.internal.view.menu.SubMenuBuilder:
    56:57:public void setShortcutsVisible(boolean)
android.support.v7.internal.view.menu.SubMenuWrapperICS:
    32:32:public android.view.SubMenu getWrappedObject()
    25:25:public bridge synthetic java.lang.Object getWrappedObject()
android.support.v7.internal.widget.AbsActionBarView:
    private static final int FADE_DURATION
    119:133:public void animateToVisibility(int)
android.support.v7.internal.widget.AbsSpinnerICS:
    private android.graphics.Rect mTouchFrame
    54:56:AbsSpinnerICS(android.content.Context)
    59:60:AbsSpinnerICS(android.content.Context,android.util.AttributeSet)
    254:257:public void setSelection(int,boolean)
    275:282:void setSelectionInt(int,boolean)
    abstract void layout(int,boolean)
    315:315:public int getCount()
    327:343:public int pointToPosition(int,int)
    34:34:public bridge synthetic void setAdapter(android.widget.Adapter)
android.support.v7.internal.widget.ActionBarContainer:
    243:243:public android.support.v7.view.ActionMode startActionModeForChild(android.view.View,android.support.v7.view.ActionMode$Callback)
android.support.v7.internal.widget.ActionBarContextView:
    private static final java.lang.String TAG
    194:238:public void initForMode(android.support.v7.view.ActionMode)
    241:245:public void closeMode()
    248:254:public void killMode()
    414:414:public boolean isTitleOptional()
    37:37:public bridge synthetic void animateToVisibility(int)
android.support.v7.internal.widget.ActionBarContextView$1
android.support.v7.internal.widget.ActionBarOverlayLayout:
    private android.view.View mContent
    private android.view.View mActionBarTop
    private android.support.v7.internal.widget.ActionBarContainer mContainerView
    private android.support.v7.internal.widget.ActionBarView mActionView
    private android.view.View mActionBarBottom
    71:89:private boolean applyInsets(android.view.View,android.graphics.Rect,boolean,boolean,boolean,boolean)
    93:103:void pullChildren()
android.support.v7.internal.widget.ActionBarView:
    private static final java.lang.String TAG
    public static final int DISPLAY_DEFAULT
    private static final int DISPLAY_RELAYOUT_MASK
    private static final int DEFAULT_CUSTOM_GRAVITY
    373:373:public boolean hasEmbeddedTabs()
    63:63:public bridge synthetic void animateToVisibility(int)
android.support.v7.internal.widget.ActionBarView$ExpandedActionViewMenuPresenter:
    1393:1393:public android.support.v7.internal.view.menu.MenuView getMenuView(android.view.ViewGroup)
    1422:1422:public void setCallback(android.support.v7.internal.view.menu.MenuPresenter$Callback)
    1512:1512:public int getId()
    1517:1517:public android.os.Parcelable onSaveInstanceState()
    1522:1522:public void onRestoreInstanceState(android.os.Parcelable)